[debug] [2020-06-27T22:00:40.486Z] ----------------------------------------------------------------------
[debug] [2020-06-27T22:00:40.490Z] Command:       C:\Program Files\nodejs\node.exe C:\Users\User\AppData\Roaming\npm\node_modules\firebase-tools\lib\bin\firebase.js serve
[debug] [2020-06-27T22:00:40.491Z] CLI Version:   8.4.3
[debug] [2020-06-27T22:00:40.491Z] Platform:      win32
[debug] [2020-06-27T22:00:40.491Z] Node Version:  v12.17.0
[debug] [2020-06-27T22:00:40.502Z] Time:          Sun Jun 28 2020 00:00:40 GMT+0200 (Central European Summer Time)
[debug] [2020-06-27T22:00:40.502Z] ----------------------------------------------------------------------
[debug] [2020-06-27T22:00:40.502Z] 
[debug] [2020-06-27T22:00:40.523Z] > command requires scopes: ["email","openid","https://www.googleapis.com/auth/cloudplatformprojects.readonly","https://www.googleapis.com/auth/firebase","https://www.googleapis.com/auth/cloud-platform"]
[debug] [2020-06-27T22:00:40.524Z] > authorizing via signed-in user
[debug] [2020-06-27T22:00:40.524Z] [iam] checking project linkedout-react for permissions ["firebase.projects.get"]
[debug] [2020-06-27T22:00:40.531Z] >>> HTTP REQUEST POST https://cloudresourcemanager.googleapis.com/v1/projects/linkedout-react:testIamPermissions  
 {"permissions":["firebase.projects.get"]}
[debug] [2020-06-27T22:00:41.781Z] <<< HTTP RESPONSE 200 {"content-type":"application/json; charset=UTF-8","vary":"X-Origin, Referer, Origin,Accept-Encoding","date":"Sat, 27 Jun 2020 22:01:43 GMT","server":"ESF","cache-control":"private","x-xss-protection":"0","x-frame-options":"SAMEORIGIN","x-content-type-options":"nosniff","server-timing":"gfet4t7; dur=742","alt-svc":"h3-27=\":443\"; ma=2592000,h3-25=\":443\"; ma=2592000,h3-T050=\":443\"; ma=2592000,h3-Q050=\":443\"; ma=2592000,h3-Q046=\":443\"; ma=2592000,h3-Q043=\":443\"; ma=2592000,quic=\":443\"; ma=2592000; v=\"46,43\"","accept-ranges":"none","transfer-encoding":"chunked"}
[debug] [2020-06-27T22:00:41.784Z] >>> HTTP REQUEST GET https://firebase.googleapis.com/v1beta1/projects/linkedout-react  
 
[debug] [2020-06-27T22:00:42.400Z] <<< HTTP RESPONSE 200 {"content-type":"application/json; charset=UTF-8","vary":"X-Origin, Referer, Origin,Accept-Encoding","date":"Sat, 27 Jun 2020 22:01:44 GMT","server":"ESF","cache-control":"private","x-xss-protection":"0","x-frame-options":"SAMEORIGIN","x-content-type-options":"nosniff","alt-svc":"h3-27=\":443\"; ma=2592000,h3-25=\":443\"; ma=2592000,h3-T050=\":443\"; ma=2592000,h3-Q050=\":443\"; ma=2592000,h3-Q046=\":443\"; ma=2592000,h3-Q043=\":443\"; ma=2592000,quic=\":443\"; ma=2592000; v=\"46,43\"","accept-ranges":"none","transfer-encoding":"chunked"}
[info] 
[info] === Serving from 'C:\Users\User\Desktop\linkedout-functions'...
[info] 
[warn] !  Your requested "node" version "10" doesn't match your global version "12" {"metadata":{"emulator":{"name":"functions"},"message":"Your requested \"node\" version \"10\" doesn't match your global version \"12\""}}
[info] i  functions: Watching "C:\Users\User\Desktop\linkedout-functions\functions" for Cloud Functions... {"metadata":{"emulator":{"name":"functions"},"message":"Watching \"C:\\Users\\User\\Desktop\\linkedout-functions\\functions\" for Cloud Functions..."}}
[debug] [2020-06-27T22:00:44.462Z] [worker-pool] addWorker(~diagnostic~) {"metadata":{"emulator":{"name":"functions"},"message":"[worker-pool] addWorker(~diagnostic~)"}}
[debug] [2020-06-27T22:00:44.462Z] [worker-pool] Adding worker with key ~diagnostic~, total=1 {"metadata":{"emulator":{"name":"functions"},"message":"[worker-pool] Adding worker with key ~diagnostic~, total=1"}}
[debug] [2020-06-27T22:00:44.462Z] [worker-pool] submitWork(triggerId=) {"metadata":{"emulator":{"name":"functions"},"message":"[worker-pool] submitWork(triggerId=)"}}
[debug] [2020-06-27T22:00:44.463Z] [worker-~diagnostic~-541a86d1-8517-4ac1-b3d3-d2e5f8db86cd]: Assigning socketPath: \\?\pipe\C:\Users\User\Desktop\linkedout-functions\functions\12172 {"metadata":{"emulator":{"name":"functions"},"message":"[worker-~diagnostic~-541a86d1-8517-4ac1-b3d3-d2e5f8db86cd]: Assigning socketPath: \\\\?\\pipe\\C:\\Users\\User\\Desktop\\linkedout-functions\\functions\\12172"}}
[debug] [2020-06-27T22:00:44.464Z] [worker-~diagnostic~-541a86d1-8517-4ac1-b3d3-d2e5f8db86cd]: BUSY {"metadata":{"emulator":{"name":"functions"},"message":"[worker-~diagnostic~-541a86d1-8517-4ac1-b3d3-d2e5f8db86cd]: BUSY"}}
[debug] [2020-06-27T22:00:45.266Z] [runtime-status] [12172] Functions runtime initialized. {"cwd":"C:\\Users\\User\\Desktop\\linkedout-functions\\functions","node_version":"12.17.0"} {"metadata":{"emulator":{"name":"functions"},"message":"[runtime-status] [12172] Functions runtime initialized. {\"cwd\":\"C:\\\\Users\\\\User\\\\Desktop\\\\linkedout-functions\\\\functions\",\"node_version\":\"12.17.0\"}"}}
[debug] [2020-06-27T22:00:45.274Z] [runtime-status] [12172] Disabled runtime features: undefined {"metadata":{"emulator":{"name":"functions"},"message":"[runtime-status] [12172] Disabled runtime features: undefined"}}
[debug] [2020-06-27T22:00:45.284Z] [runtime-status] [12172] Resolved module firebase-admin {"declared":true,"installed":true,"version":"8.12.1","resolution":"C:\\Users\\User\\Desktop\\linkedout-functions\\functions\\node_modules\\firebase-admin\\lib\\index.js"} {"metadata":{"emulator":{"name":"functions"},"message":"[runtime-status] [12172] Resolved module firebase-admin {\"declared\":true,\"installed\":true,\"version\":\"8.12.1\",\"resolution\":\"C:\\\\Users\\\\User\\\\Desktop\\\\linkedout-functions\\\\functions\\\\node_modules\\\\firebase-admin\\\\lib\\\\index.js\"}"}}
[debug] [2020-06-27T22:00:45.288Z] [runtime-status] [12172] Resolved module firebase-functions {"declared":true,"installed":true,"version":"3.7.0","resolution":"C:\\Users\\User\\Desktop\\linkedout-functions\\functions\\node_modules\\firebase-functions\\lib\\index.js"} {"metadata":{"emulator":{"name":"functions"},"message":"[runtime-status] [12172] Resolved module firebase-functions {\"declared\":true,\"installed\":true,\"version\":\"3.7.0\",\"resolution\":\"C:\\\\Users\\\\User\\\\Desktop\\\\linkedout-functions\\\\functions\\\\node_modules\\\\firebase-functions\\\\lib\\\\index.js\"}"}}
[debug] [2020-06-27T22:00:45.290Z] [runtime-status] [12172] Outgoing network have been stubbed. [{"name":"http","status":"mocked"},{"name":"http","status":"mocked"},{"name":"https","status":"mocked"},{"name":"https","status":"mocked"},{"name":"net","status":"mocked"}] {"metadata":{"emulator":{"name":"functions"},"message":"[runtime-status] [12172] Outgoing network have been stubbed. [{\"name\":\"http\",\"status\":\"mocked\"},{\"name\":\"http\",\"status\":\"mocked\"},{\"name\":\"https\",\"status\":\"mocked\"},{\"name\":\"https\",\"status\":\"mocked\"},{\"name\":\"net\",\"status\":\"mocked\"}]"}}
[debug] [2020-06-27T22:00:45.292Z] [runtime-status] [12172] Resolved module firebase-functions {"declared":true,"installed":true,"version":"3.7.0","resolution":"C:\\Users\\User\\Desktop\\linkedout-functions\\functions\\node_modules\\firebase-functions\\lib\\index.js"} {"metadata":{"emulator":{"name":"functions"},"message":"[runtime-status] [12172] Resolved module firebase-functions {\"declared\":true,\"installed\":true,\"version\":\"3.7.0\",\"resolution\":\"C:\\\\Users\\\\User\\\\Desktop\\\\linkedout-functions\\\\functions\\\\node_modules\\\\firebase-functions\\\\lib\\\\index.js\"}"}}
[debug] [2020-06-27T22:00:45.385Z] [runtime-status] [12172] Checked functions.config() {"config":{}} {"metadata":{"emulator":{"name":"functions"},"message":"[runtime-status] [12172] Checked functions.config() {\"config\":{}}"}}
[debug] [2020-06-27T22:00:45.386Z] [runtime-status] [12172] firebase-functions has been stubbed. {"functionsResolution":{"declared":true,"installed":true,"version":"3.7.0","resolution":"C:\\Users\\User\\Desktop\\linkedout-functions\\functions\\node_modules\\firebase-functions\\lib\\index.js"}} {"metadata":{"emulator":{"name":"functions"},"message":"[runtime-status] [12172] firebase-functions has been stubbed. {\"functionsResolution\":{\"declared\":true,\"installed\":true,\"version\":\"3.7.0\",\"resolution\":\"C:\\\\Users\\\\User\\\\Desktop\\\\linkedout-functions\\\\functions\\\\node_modules\\\\firebase-functions\\\\lib\\\\index.js\"}}"}}
[debug] [2020-06-27T22:00:45.387Z] [runtime-status] [12172] Resolved module firebase-functions {"declared":true,"installed":true,"version":"3.7.0","resolution":"C:\\Users\\User\\Desktop\\linkedout-functions\\functions\\node_modules\\firebase-functions\\lib\\index.js"} {"metadata":{"emulator":{"name":"functions"},"message":"[runtime-status] [12172] Resolved module firebase-functions {\"declared\":true,\"installed\":true,\"version\":\"3.7.0\",\"resolution\":\"C:\\\\Users\\\\User\\\\Desktop\\\\linkedout-functions\\\\functions\\\\node_modules\\\\firebase-functions\\\\lib\\\\index.js\"}"}}
[debug] [2020-06-27T22:00:45.389Z] [runtime-status] [12172] Resolved module firebase-admin {"declared":true,"installed":true,"version":"8.12.1","resolution":"C:\\Users\\User\\Desktop\\linkedout-functions\\functions\\node_modules\\firebase-admin\\lib\\index.js"} {"metadata":{"emulator":{"name":"functions"},"message":"[runtime-status] [12172] Resolved module firebase-admin {\"declared\":true,\"installed\":true,\"version\":\"8.12.1\",\"resolution\":\"C:\\\\Users\\\\User\\\\Desktop\\\\linkedout-functions\\\\functions\\\\node_modules\\\\firebase-admin\\\\lib\\\\index.js\"}"}}
[debug] [2020-06-27T22:00:45.390Z] [runtime-status] [12172] Resolved module firebase-functions {"declared":true,"installed":true,"version":"3.7.0","resolution":"C:\\Users\\User\\Desktop\\linkedout-functions\\functions\\node_modules\\firebase-functions\\lib\\index.js"} {"metadata":{"emulator":{"name":"functions"},"message":"[runtime-status] [12172] Resolved module firebase-functions {\"declared\":true,\"installed\":true,\"version\":\"3.7.0\",\"resolution\":\"C:\\\\Users\\\\User\\\\Desktop\\\\linkedout-functions\\\\functions\\\\node_modules\\\\firebase-functions\\\\lib\\\\index.js\"}"}}
[debug] [2020-06-27T22:00:45.390Z] [runtime-status] [12172] firebase-admin has been stubbed. {"adminResolution":{"declared":true,"installed":true,"version":"8.12.1","resolution":"C:\\Users\\User\\Desktop\\linkedout-functions\\functions\\node_modules\\firebase-admin\\lib\\index.js"}} {"metadata":{"emulator":{"name":"functions"},"message":"[runtime-status] [12172] firebase-admin has been stubbed. {\"adminResolution\":{\"declared\":true,\"installed\":true,\"version\":\"8.12.1\",\"resolution\":\"C:\\\\Users\\\\User\\\\Desktop\\\\linkedout-functions\\\\functions\\\\node_modules\\\\firebase-admin\\\\lib\\\\index.js\"}}"}}
[debug] [2020-06-27T22:00:45.654Z] [runtime-status] [12172] initializeApp(DEFAULT) {"databaseURL":"https://linkedout-react.firebaseio.com","storageBucket":"linkedout-react.appspot.com","projectId":"linkedout-react"} {"metadata":{"emulator":{"name":"functions"},"message":"[runtime-status] [12172] initializeApp(DEFAULT) {\"databaseURL\":\"https://linkedout-react.firebaseio.com\",\"storageBucket\":\"linkedout-react.appspot.com\",\"projectId\":\"linkedout-react\"}"}}
[warn] !  ReferenceError: newUser is not defined
    at Object.<anonymous> (C:\Users\User\Desktop\linkedout-functions\functions\index.js:77:37)
    at Module._compile (internal/modules/cjs/loader.js:1138:30)
    at Object.Module._extensions..js (internal/modules/cjs/loader.js:1158:10)
    at Module.load (internal/modules/cjs/loader.js:986:32)
    at Function.Module._load (internal/modules/cjs/loader.js:879:14)
    at Module.require (internal/modules/cjs/loader.js:1026:19)
    at require (internal/modules/cjs/helpers.js:72:18)
    at C:\Users\User\AppData\Roaming\npm\node_modules\firebase-tools\lib\emulator\functionsEmulatorRuntime.js:664:33
    at Generator.next (<anonymous>)
    at fulfilled (C:\Users\User\AppData\Roaming\npm\node_modules\firebase-tools\lib\emulator\functionsEmulatorRuntime.js:5:58) {"metadata":{"emulator":{"name":"functions"},"message":"ReferenceError: newUser is not defined\n    at Object.<anonymous> (C:\\Users\\User\\Desktop\\linkedout-functions\\functions\\index.js:77:37)\n    at Module._compile (internal/modules/cjs/loader.js:1138:30)\n    at Object.Module._extensions..js (internal/modules/cjs/loader.js:1158:10)\n    at Module.load (internal/modules/cjs/loader.js:986:32)\n    at Function.Module._load (internal/modules/cjs/loader.js:879:14)\n    at Module.require (internal/modules/cjs/loader.js:1026:19)\n    at require (internal/modules/cjs/helpers.js:72:18)\n    at C:\\Users\\User\\AppData\\Roaming\\npm\\node_modules\\firebase-tools\\lib\\emulator\\functionsEmulatorRuntime.js:664:33\n    at Generator.next (<anonymous>)\n    at fulfilled (C:\\Users\\User\\AppData\\Roaming\\npm\\node_modules\\firebase-tools\\lib\\emulator\\functionsEmulatorRuntime.js:5:58)"}}
[warn] !  We were unable to load your functions code. (see above) {"metadata":{"emulator":{"name":"functions"}}}
[debug] [2020-06-27T22:00:46.223Z] [worker-~diagnostic~-541a86d1-8517-4ac1-b3d3-d2e5f8db86cd]: exited {"metadata":{"emulator":{"name":"functions"},"message":"[worker-~diagnostic~-541a86d1-8517-4ac1-b3d3-d2e5f8db86cd]: exited"}}
[debug] [2020-06-27T22:00:46.223Z] [worker-~diagnostic~-541a86d1-8517-4ac1-b3d3-d2e5f8db86cd]: FINISHED {"metadata":{"emulator":{"name":"functions"},"message":"[worker-~diagnostic~-541a86d1-8517-4ac1-b3d3-d2e5f8db86cd]: FINISHED"}}
